not in map:
---
Closure_153
TimeoutError: generator.run() timeout
No ending
NOTICE: may not contains full fix patterns for hunks are too much (19 hunks)
EXCEPTION: Inside Exception generator.run() timeout
TimeoutError: generator.run() timeout
---
Closure_156
TimeoutError: generator.run() timeout
No ending
NOTICE: may not contains full fix patterns for hunks are too much (12 hunks)
EXCEPTION: Inside Exception generator.run() timeout
TimeoutError: generator.run() timeout
---
Closure_165
TimeoutError: generator.run() timeout
No ending
NOTICE: may not contains full fix patterns for hunks are too much (13 hunks)
EXCEPTION: Inside Exception generator.run() timeout
TimeoutError: generator.run() timeout
---
Closure_155
TimeoutError: generator.run() timeout
No ending
NOTICE: may not contains full fix patterns for hunks are too much (15 hunks)
EXCEPTION: Inside Exception generator.run() timeout
TimeoutError: generator.run() timeout
---
Math_16
TimeoutError: generator.run() timeout
No ending
EXCEPTION: Inside Exception generator.run() timeout
TimeoutError: generator.run() timeout
---
Mockito_23
TimeoutError: generator.run() timeout
No ending
EXCEPTION: Raising new failing tests before fixing, should check
EXCEPTION: Inside Exception generator.run() timeout
TimeoutError: generator.run() timeout
---
Math_66
TimeoutError: generator.run() timeout
No ending
NOTICE: may not contains full fix patterns for hunks are too much (12 hunks)
EXCEPTION: Inside Exception generator.run() timeout
TimeoutError: generator.run() timeout
---
Time_26
TimeoutError: generator.run() timeout
No ending
EXCEPTION: Inside Exception generator.run() timeout
TimeoutError: generator.run() timeout
---
T_i_m_e___2_1
Exception: Time_21 is a deprecated bug
---
Closure_30
TimeoutError: generator.run() timeout
---
M_a_t_h___9_7
Exception: Math_97 would run forever with parallel
---
Closure_144
TimeoutError: generator.run() timeout
No ending
EXCEPTION: Inside Exception generator.run() timeout
TimeoutError: generator.run() timeout
---
Closure_76
TimeoutError: generator.run() timeout
No ending
EXCEPTION: Inside Exception generator.run() timeout
TimeoutError: generator.run() timeout
---
Closure_175
TimeoutError: generator.run() timeout
---
Mockito_19
TimeoutError: generator.run() timeout
No ending
EXCEPTION: Inside Exception generator.run() timeout
TimeoutError: generator.run() timeout
---
Lang_30
TimeoutError: generator.run() timeout
No ending
NOTICE: may not contains full fix patterns for hunks are too much (20 hunks)
EXCEPTION: Inside Exception generator.run() timeout
TimeoutError: generator.run() timeout
---
Closure_154
TimeoutError: generator.run() timeout
---
Math_92
TimeoutError: generator.run() timeout
No ending
NOTICE: may not contains full fix patterns for hunks are too much (12 hunks)
EXCEPTION: Inside Exception generator.run() timeout
TimeoutError: generator.run() timeout
---
Closure_162
TimeoutError: generator.run() timeout
No ending
NOTICE: may not contains full fix patterns for hunks are too much (13 hunks)
EXCEPTION: Inside Exception generator.run() timeout
TimeoutError: generator.run() timeout
---
Closure_169
TimeoutError: generator.run() timeout
No ending
NOTICE: may not contains full fix patterns for hunks are too much (32 hunks)
EXCEPTION: Inside Exception generator.run() timeout
TimeoutError: generator.run() timeout
---
Closure_163
TimeoutError: generator.run() timeout
No ending
NOTICE: may not contains full fix patterns for hunks are too much (51 hunks)
EXCEPTION: Inside Exception generator.run() timeout
TimeoutError: generator.run() timeout
---
Mockito_6
TimeoutError: generator.run() timeout
No ending
NOTICE: may not contains full fix patterns for hunks are too much (20 hunks)
EXCEPTION: Inside Exception generator.run() timeout
TimeoutError: generator.run() timeout
---
Closure_158
TimeoutError: generator.run() timeout
No ending
NOTICE: may not contains full fix patterns for hunks are too much (26 hunks)
EXCEPTION: Inside Exception generator.run() timeout
TimeoutError: generator.run() timeout
---
Mockito_25
TimeoutError: generator.run() timeout
No ending
EXCEPTION: Inside Exception generator.run() timeout
TimeoutError: generator.run() timeout
---
Closure_148
TimeoutError: generator.run() timeout
No ending
NOTICE: may not contains full fix patterns for hunks are too much (65 hunks)
EXCEPTION: Inside Exception generator.run() timeout
TimeoutError: generator.run() timeout
---
Closure_139
TimeoutError: generator.run() timeout
No ending
EXCEPTION: Inside Exception generator.run() timeout
TimeoutError: generator.run() timeout
---
L_a_n_g___1_7
Exception: Lang_17 would run forever with parallel
---
Closure_174
TimeoutError: generator.run() timeout
No ending
EXCEPTION: Inside Exception generator.run() timeout
TimeoutError: generator.run() timeout
---
Closure_110
TimeoutError: generator.run() timeout
No ending
NOTICE: may not contains full fix patterns for hunks are too much (12 hunks)
EXCEPTION: Inside Exception generator.run() timeout
TimeoutError: generator.run() timeout
---
Math_6
TimeoutError: generator.run() timeout
No ending
NOTICE: may not contains full fix patterns for hunks are too much (17 hunks)
NOTICE: skip org.apache.commons.math3.optim.nonlinear.vector.jacobian.GaussNewtonOptimizerTest::testGetIterations for cannot find node in method_base
NOTICE: skip org.apache.commons.math3.optim.nonlinear.vector.jacobian.LevenbergMarquardtOptimizerTest::testGetIterations for cannot find node in method_base
EXCEPTION: Inside Exception generator.run() timeout
TimeoutError: generator.run() timeout
---
Closure_167
TimeoutError: generator.run() timeout
No ending
EXCEPTION: Inside Exception generator.run() timeout
TimeoutError: generator.run() timeout
---
Math_68
TimeoutError: generator.run() timeout
No ending
EXCEPTION: Inside Exception generator.run() timeout
TimeoutError: generator.run() timeout
---
Time_3
TimeoutError: generator.run() timeout
No ending
NOTICE: may not contains full fix patterns for hunks are too much (20 hunks)
EXCEPTION: Inside Exception generator.run() timeout
TimeoutError: generator.run() timeout
---
Closure_32
TimeoutError: generator.run() timeout
---
Chart_2
TimeoutError: generator.run() timeout
No ending
EXCEPTION: Inside Exception generator.run() timeout
TimeoutError: generator.run() timeout
---
Closure_137
TimeoutError: generator.run() timeout
No ending
NOTICE: may not contains full fix patterns for hunks are too much (30 hunks)
EXCEPTION: Inside Exception generator.run() timeout
TimeoutError: generator.run() timeout
---
Closure_157
TimeoutError: generator.run() timeout
No ending
NOTICE: may not contains full fix patterns for hunks are too much (17 hunks)
EXCEPTION: Inside Exception generator.run() timeout
TimeoutError: generator.run() timeout
---
Time_23
TimeoutError: generator.run() timeout
No ending
EXCEPTION: Inside Exception generator.run() timeout
TimeoutError: generator.run() timeout
---
Math_64
TimeoutError: generator.run() timeout
No ending
NOTICE: may not contains full fix patterns for hunks are too much (13 hunks)
EXCEPTION: Inside Exception generator.run() timeout
TimeoutError: generator.run() timeout
---
Closure_49
TimeoutError: generator.run() timeout
No ending
EXCEPTION: Inside Exception generator.run() timeout
TimeoutError: generator.run() timeout
---
Math_76
TimeoutError: generator.run() timeout
No ending
NOTICE: may not contains full fix patterns for hunks are too much (12 hunks)
EXCEPTION: Inside Exception generator.run() timeout
TimeoutError: generator.run() timeout
---
Closure_134
TimeoutError: generator.run() timeout
---
Lang_10
NOTICE: skip org.apache.commons.lang3.time.FastDateFormat_ParserTest::testLANG_831 for cannot find node in method_base
---
Time_21
No ending
EXCEPTION: Inside Exception Time_21 is a deprecated bug
Exception: Time_21 is a deprecated bug
---
Math_43
NOTICE: skip org.apache.commons.math.stat.descriptive.SynchronizedSummaryStatisticsTest::testOverrideMeanWithMathClass for cannot find node in method_base
NOTICE: skip org.apache.commons.math.stat.descriptive.SynchronizedSummaryStatisticsTest::testOverrideGeoMeanWithMathClass for cannot find node in method_base
NOTICE: skip org.apache.commons.math.stat.descriptive.SynchronizedSummaryStatisticsTest::testOverrideVarianceWithMathClass for cannot find node in method_base
---
Math_12
NOTICE: skip org.apache.commons.math3.distribution.GammaDistributionTest::testDistributionClone for cannot find node in method_base
NOTICE: skip org.apache.commons.math3.distribution.LogNormalDistributionTest::testDistributionClone for cannot find node in method_base
NOTICE: skip org.apache.commons.math3.distribution.NormalDistributionTest::testDistributionClone for cannot find node in method_base
---
Math_97
No ending
EXCEPTION: Inside Exception Math_97 would run forever with parallel
Exception: Math_97 would run forever with parallel
---
Lang_17
No ending
EXCEPTION: Inside Exception Lang_17 would run forever with parallel
Exception: Lang_17 would run forever with parallel
---
Math_29
NOTICE: skip org.apache.commons.math3.linear.SparseRealVectorTest::testEbeDivideMixedTypes for cannot find node in method_base
NOTICE: skip org.apache.commons.math3.linear.SparseRealVectorTest::testEbeMultiplyMixedTypes for cannot find node in method_base
NOTICE: skip org.apache.commons.math3.linear.SparseRealVectorTest::testEbeMultiplySameType for cannot find node in method_base
---
Math_22
NOTICE: skip org.apache.commons.math3.distribution.FDistributionTest::testIsSupportLowerBoundInclusive for cannot find node in method_base
NOTICE: skip org.apache.commons.math3.distribution.UniformRealDistributionTest::testIsSupportUpperBoundInclusive for cannot find node in method_base
---
Lang_34
NOTICE: patch for flaky tests of Lang_34, rename org.apache.commons.lang3.builder.ToStringBuilderTest::testReflectionArrayArrayCycle$catena_1
NOTICE: patch for flaky tests of Lang_34, rename org.apache.commons.lang3.builder.ToStringBuilderTest::testReflectionDoubleArrayArray$catena_2
NOTICE: patch for flaky tests of Lang_34, rename org.apache.commons.lang3.builder.ToStringBuilderTest::testSimpleReflectionObjectCycle$catena_1
---
Math_102
NOTICE: skip org.apache.commons.math.stat.inference.ChiSquareFactoryTest::testChiSquareLargeTestStatistic for cannot find node in method_base
NOTICE: skip org.apache.commons.math.stat.inference.ChiSquareFactoryTest::testChiSquare for cannot find node in method_base
EXCEPTION: Raising new failing tests before fixing, should check
---
Lang_8
NOTICE: skip org.apache.commons.lang3.time.FastDateFormat_PrinterTest::testCalendarTimezoneRespected for cannot find node in method_base
EXCEPTION: Raising new failing tests before fixing, should check
---
